<?xml version="1.0" encoding="UTF-8"?>
<!-- Generated by org.testng.reporters.JUnitReportReporter -->
<testsuite hostname="RWAMW031586" failures="0" tests="1" name="DigitalBank.Tests.LoginTest" time="2.479" errors="0" timestamp="2020-04-16T15:12:00 CEST" skipped="0">
  <testcase classname="DigitalBank.Tests.LoginTest" name="loginTest" time="2.479"/>
  <system-out/>
</testsuite> <!-- DigitalBank.Tests.LoginTest -->
