<?xml version="1.0" encoding="UTF-8"?>
<!-- Generated by org.testng.reporters.JUnitReportReporter -->
<testsuite hostname="RWAMW031586" failures="0" tests="2" name="DigitalBank.Tests.LoginTest" time="3.459" errors="0" timestamp="2020-04-22T14:06:02 CEST" skipped="0">
  <testcase classname="DigitalBank.Tests.LoginTest" name="logInWithValidDataTest" time="0.000"/>
  <system-out/>
  <testcase classname="DigitalBank.Tests.LoginTest" name="logInWithInvalidDataTest" time="3.459"/>
  <system-out/>
</testsuite> <!-- DigitalBank.Tests.LoginTest -->
